<?xml version="1.0" encoding="UTF-8"?>
<coverage generated="1680712806452" clover="3.2.0">
  <project timestamp="1680712806452" name="All files">
    <metrics statements="36" coveredstatements="23" conditionals="16" coveredconditionals="5" methods="9" coveredmethods="4" elements="61" coveredelements="32" complexity="0" loc="36" ncloc="36" packages="1" files="3" classes="3"/>
    <file name="deploy.js" path="C:\Users\Hernán\Desktop\Microverse\ToDo-List\src\modules\deploy.js">
      <metrics statements="9" coveredstatements="1" conditionals="4" coveredconditionals="0" methods="2" coveredmethods="0"/>
      <line num="3" count="1" type="stmt"/>
      <line num="4" count="0" type="stmt"/>
      <line num="5" count="0" type="stmt"/>
      <line num="6" count="0" type="stmt"/>
      <line num="7" count="0" type="stmt"/>
      <line num="8" count="0" type="stmt"/>
      <line num="9" count="0" type="stmt"/>
      <line num="10" count="0" type="stmt"/>
      <line num="18" count="0" type="stmt"/>
    </file>
    <file name="functionality.js" path="C:\Users\Hernán\Desktop\Microverse\ToDo-List\src\modules\functionality.js">
      <metrics statements="24" coveredstatements="19" conditionals="10" coveredconditionals="4" methods="5" coveredmethods="2"/>
      <line num="5" count="1" type="stmt"/>
      <line num="6" count="1" type="stmt"/>
      <line num="7" count="1" type="stmt"/>
      <line num="8" count="1" type="stmt"/>
      <line num="9" count="1" type="cond" truecount="1" falsecount="1"/>
      <line num="10" count="1" type="cond" truecount="3" falsecount="1"/>
      <line num="11" count="1" type="stmt"/>
      <line num="17" count="1" type="stmt"/>
      <line num="18" count="1" type="stmt"/>
      <line num="19" count="1" type="stmt"/>
      <line num="20" count="1" type="stmt"/>
      <line num="25" count="1" type="stmt"/>
      <line num="26" count="0" type="stmt"/>
      <line num="27" count="0" type="cond" truecount="0" falsecount="2"/>
      <line num="28" count="0" type="cond" truecount="0" falsecount="2"/>
      <line num="29" count="0" type="stmt"/>
      <line num="30" count="0" type="stmt"/>
      <line num="35" count="1" type="stmt"/>
      <line num="36" count="1" type="stmt"/>
      <line num="37" count="1" type="stmt"/>
      <line num="38" count="1" type="stmt"/>
      <line num="43" count="1" type="stmt"/>
      <line num="44" count="1" type="stmt"/>
      <line num="45" count="1" type="stmt"/>
    </file>
    <file name="localstorage.js" path="C:\Users\Hernán\Desktop\Microverse\ToDo-List\src\modules\localstorage.js">
      <metrics statements="3" coveredstatements="3" conditionals="2" coveredconditionals="1" methods="2" coveredmethods="2"/>
      <line num="1" count="2" type="cond" truecount="1" falsecount="1"/>
      <line num="3" count="2" type="stmt"/>
      <line num="4" count="1" type="stmt"/>
    </file>
  </project>
</coverage>
