{"C:\\Users\\Hernán\\Desktop\\Microverse\\ToDo-List\\src\\modules\\deploy.js": {"path":"C:\\Users\\Hernán\\Desktop\\Microverse\\ToDo-List\\src\\modules\\deploy.js","statementMap":{"0":{"start":{"line":3,"column":19},"end":{"line":20,"column":1}},"1":{"start":{"line":4,"column":19},"end":{"line":4,"column":55}},"2":{"start":{"line":5,"column":15},"end":{"line":5,"column":19}},"3":{"start":{"line":6,"column":2},"end":{"line":19,"column":5}},"4":{"start":{"line":7,"column":21},"end":{"line":7,"column":50}},"5":{"start":{"line":8,"column":4},"end":{"line":8,"column":40}},"6":{"start":{"line":9,"column":4},"end":{"line":9,"column":31}},"7":{"start":{"line":10,"column":4},"end":{"line":17,"column":94}},"8":{"start":{"line":18,"column":4},"end":{"line":18,"column":35}}},"fnMap":{"0":{"name":"(anonymous_0)","decl":{"start":{"line":3,"column":19},"end":{"line":3,"column":20}},"loc":{"start":{"line":3,"column":25},"end":{"line":20,"column":1}},"line":3},"1":{"name":"(anonymous_1)","decl":{"start":{"line":6,"column":15},"end":{"line":6,"column":16}},"loc":{"start":{"line":6,"column":25},"end":{"line":19,"column":3}},"line":6}},"branchMap":{"0":{"loc":{"start":{"line":11,"column":30},"end":{"line":12,"column":166}},"type":"cond-expr","locations":[{"start":{"line":11,"column":56},"end":{"line":12,"column":98}},{"start":{"line":12,"column":101},"end":{"line":12,"column":166}}],"line":11},"1":{"loc":{"start":{"line":13,"column":44},"end":{"line":13,"column":105}},"type":"cond-expr","locations":[{"start":{"line":13,"column":70},"end":{"line":13,"column":91}},{"start":{"line":13,"column":94},"end":{"line":13,"column":105}}],"line":13}},"s":{"0":1,"1":0,"2":0,"3":0,"4":0,"5":0,"6":0,"7":0,"8":0},"f":{"0":0,"1":0},"b":{"0":[0,0],"1":[0,0]},"_coverageSchema":"1a1c01bbd47fc00a2c39e90264f33305004495a9","hash":"28e8e34f1c0f0e13f4933ec7bc2fb0d72d2ad11a"}
,"C:\\Users\\Hernán\\Desktop\\Microverse\\ToDo-List\\src\\modules\\functionality.js": {"path":"C:\\Users\\Hernán\\Desktop\\Microverse\\ToDo-List\\src\\modules\\functionality.js","statementMap":{"0":{"start":{"line":5,"column":18},"end":{"line":22,"column":1}},"1":{"start":{"line":6,"column":15},"end":{"line":6,"column":19}},"2":{"start":{"line":7,"column":20},"end":{"line":7,"column":56}},"3":{"start":{"line":8,"column":18},"end":{"line":8,"column":50}},"4":{"start":{"line":9,"column":2},"end":{"line":9,"column":35}},"5":{"start":{"line":9,"column":28},"end":{"line":9,"column":35}},"6":{"start":{"line":10,"column":2},"end":{"line":21,"column":3}},"7":{"start":{"line":11,"column":21},"end":{"line":15,"column":5}},"8":{"start":{"line":17,"column":4},"end":{"line":17,"column":23}},"9":{"start":{"line":18,"column":4},"end":{"line":18,"column":24}},"10":{"start":{"line":19,"column":4},"end":{"line":19,"column":21}},"11":{"start":{"line":20,"column":4},"end":{"line":20,"column":17}},"12":{"start":{"line":25,"column":17},"end":{"line":32,"column":1}},"13":{"start":{"line":26,"column":15},"end":{"line":26,"column":19}},"14":{"start":{"line":27,"column":2},"end":{"line":27,"column":40}},"15":{"start":{"line":27,"column":33},"end":{"line":27,"column":40}},"16":{"start":{"line":28,"column":2},"end":{"line":31,"column":3}},"17":{"start":{"line":29,"column":4},"end":{"line":29,"column":53}},"18":{"start":{"line":30,"column":4},"end":{"line":30,"column":55}},"19":{"start":{"line":35,"column":19},"end":{"line":46,"column":1}},"20":{"start":{"line":36,"column":13},"end":{"line":36,"column":17}},"21":{"start":{"line":37,"column":23},"end":{"line":37,"column":67}},"22":{"start":{"line":37,"column":45},"end":{"line":37,"column":66}},"23":{"start":{"line":38,"column":18},"end":{"line":42,"column":5}},"24":{"start":{"line":38,"column":50},"end":{"line":42,"column":3}},"25":{"start":{"line":43,"column":2},"end":{"line":43,"column":56}},"26":{"start":{"line":44,"column":2},"end":{"line":44,"column":17}},"27":{"start":{"line":45,"column":2},"end":{"line":45,"column":15}}},"fnMap":{"0":{"name":"(anonymous_0)","decl":{"start":{"line":5,"column":18},"end":{"line":5,"column":19}},"loc":{"start":{"line":5,"column":25},"end":{"line":22,"column":1}},"line":5},"1":{"name":"(anonymous_1)","decl":{"start":{"line":25,"column":17},"end":{"line":25,"column":18}},"loc":{"start":{"line":25,"column":39},"end":{"line":32,"column":1}},"line":25},"2":{"name":"(anonymous_2)","decl":{"start":{"line":35,"column":19},"end":{"line":35,"column":20}},"loc":{"start":{"line":35,"column":32},"end":{"line":46,"column":1}},"line":35},"3":{"name":"(anonymous_3)","decl":{"start":{"line":37,"column":35},"end":{"line":37,"column":36}},"loc":{"start":{"line":37,"column":45},"end":{"line":37,"column":66}},"line":37},"4":{"name":"(anonymous_4)","decl":{"start":{"line":38,"column":35},"end":{"line":38,"column":36}},"loc":{"start":{"line":38,"column":50},"end":{"line":42,"column":3}},"line":38}},"branchMap":{"0":{"loc":{"start":{"line":9,"column":2},"end":{"line":9,"column":35}},"type":"if","locations":[{"start":{"line":9,"column":2},"end":{"line":9,"column":35}},{"start":{},"end":{}}],"line":9},"1":{"loc":{"start":{"line":10,"column":2},"end":{"line":21,"column":3}},"type":"if","locations":[{"start":{"line":10,"column":2},"end":{"line":21,"column":3}},{"start":{},"end":{}}],"line":10},"2":{"loc":{"start":{"line":10,"column":6},"end":{"line":10,"column":42}},"type":"binary-expr","locations":[{"start":{"line":10,"column":6},"end":{"line":10,"column":23}},{"start":{"line":10,"column":27},"end":{"line":10,"column":42}}],"line":10},"3":{"loc":{"start":{"line":27,"column":2},"end":{"line":27,"column":40}},"type":"if","locations":[{"start":{"line":27,"column":2},"end":{"line":27,"column":40}},{"start":{},"end":{}}],"line":27},"4":{"loc":{"start":{"line":28,"column":2},"end":{"line":31,"column":3}},"type":"if","locations":[{"start":{"line":28,"column":2},"end":{"line":31,"column":3}},{"start":{},"end":{}}],"line":28}},"s":{"0":1,"1":1,"2":1,"3":1,"4":1,"5":0,"6":1,"7":1,"8":1,"9":1,"10":1,"11":1,"12":1,"13":0,"14":0,"15":0,"16":0,"17":0,"18":0,"19":1,"20":1,"21":1,"22":0,"23":1,"24":0,"25":1,"26":1,"27":1},"f":{"0":1,"1":0,"2":1,"3":0,"4":0},"b":{"0":[0,1],"1":[1,0],"2":[1,1],"3":[0,0],"4":[0,0]},"_coverageSchema":"1a1c01bbd47fc00a2c39e90264f33305004495a9","hash":"50a3c269d23227bce27cd8e18a8959fcea7d5124"}
,"C:\\Users\\Hernán\\Desktop\\Microverse\\ToDo-List\\src\\modules\\localstorage.js": {"path":"C:\\Users\\Hernán\\Desktop\\Microverse\\ToDo-List\\src\\modules\\localstorage.js","statementMap":{"0":{"start":{"line":1,"column":11},"end":{"line":1,"column":111}},"1":{"start":{"line":1,"column":18},"end":{"line":1,"column":110}},"2":{"start":{"line":3,"column":19},"end":{"line":5,"column":1}},"3":{"start":{"line":4,"column":2},"end":{"line":4,"column":53}}},"fnMap":{"0":{"name":"(anonymous_0)","decl":{"start":{"line":1,"column":11},"end":{"line":1,"column":12}},"loc":{"start":{"line":1,"column":18},"end":{"line":1,"column":110}},"line":1},"1":{"name":"(anonymous_1)","decl":{"start":{"line":3,"column":19},"end":{"line":3,"column":20}},"loc":{"start":{"line":3,"column":29},"end":{"line":5,"column":1}},"line":3}},"branchMap":{"0":{"loc":{"start":{"line":1,"column":18},"end":{"line":1,"column":110}},"type":"cond-expr","locations":[{"start":{"line":1,"column":63},"end":{"line":1,"column":105}},{"start":{"line":1,"column":108},"end":{"line":1,"column":110}}],"line":1}},"s":{"0":2,"1":2,"2":2,"3":1},"f":{"0":2,"1":1},"b":{"0":[0,2]},"_coverageSchema":"1a1c01bbd47fc00a2c39e90264f33305004495a9","hash":"4249f8798b479c4b8e284de14a2d60dfb72302a0"}
}
