TN:
SF:src\modules\deploy.js
FN:3,(anonymous_0)
FN:6,(anonymous_1)
FNF:2
FNH:0
FNDA:0,(anonymous_0)
FNDA:0,(anonymous_1)
DA:3,1
DA:4,0
DA:5,0
DA:6,0
DA:7,0
DA:8,0
DA:9,0
DA:10,0
DA:18,0
LF:9
LH:1
BRDA:11,0,0,0
BRDA:11,0,1,0
BRDA:13,1,0,0
BRDA:13,1,1,0
BRF:4
BRH:0
end_of_record
TN:
SF:src\modules\functionality.js
FN:5,(anonymous_0)
FN:25,(anonymous_1)
FN:35,(anonymous_2)
FN:37,(anonymous_3)
FN:38,(anonymous_4)
FNF:5
FNH:2
FNDA:1,(anonymous_0)
FNDA:0,(anonymous_1)
FNDA:1,(anonymous_2)
FNDA:0,(anonymous_3)
FNDA:0,(anonymous_4)
DA:5,1
DA:6,1
DA:7,1
DA:8,1
DA:9,1
DA:10,1
DA:11,1
DA:17,1
DA:18,1
DA:19,1
DA:20,1
DA:25,1
DA:26,0
DA:27,0
DA:28,0
DA:29,0
DA:30,0
DA:35,1
DA:36,1
DA:37,1
DA:38,1
DA:43,1
DA:44,1
DA:45,1
LF:24
LH:19
BRDA:9,0,0,0
BRDA:9,0,1,1
BRDA:10,1,0,1
BRDA:10,1,1,0
BRDA:10,2,0,1
BRDA:10,2,1,1
BRDA:27,3,0,0
BRDA:27,3,1,0
BRDA:28,4,0,0
BRDA:28,4,1,0
BRF:10
BRH:4
end_of_record
TN:
SF:src\modules\localstorage.js
FN:1,(anonymous_0)
FN:3,(anonymous_1)
FNF:2
FNH:2
FNDA:2,(anonymous_0)
FNDA:1,(anonymous_1)
DA:1,2
DA:3,2
DA:4,1
LF:3
LH:3
BRDA:1,0,0,0
BRDA:1,0,1,2
BRF:2
BRH:1
end_of_record
